# JRE version: OpenJDK Runtime Environment Temurin-21.0.8+9 (21.0.8+9) (build 21.0.8+9-LTS)
# Java VM: OpenJDK 64-Bit Server VM Temurin-21.0.8+9 (21.0.8+9-LTS, mixed mode, sharing, tiered, compressed oops, compressed class ptrs, parallel gc, windows-amd64)
GC Precious Log:
 CardTable entry size: 512
 CPUs: 8 total, 8 available
 Memory: 3885M
 Large Page Support: Disabled
 NUMA Support: Disabled
 Compressed Oops: Enabled (32-bit)
 Alignments: Space 512K, Generation 512K, Heap 2M
 Heap Min Capacity: 100M
 Heap Initial Capacity: 100M
 Heap Max Capacity: 2G
 Pre-touch: Disabled
 Parallel Workers: 8
Heap:
 PSYoungGen      total 9216K, used 2505K [0x00000000d5580000, 0x00000000d6080000, 0x0000000100000000)
  eden space 8704K, 25% used [0x00000000d5580000,0x00000000d57ae7c8,0x00000000d5e00000)
  from space 512K, 62% used [0x00000000d5f80000,0x00000000d5fd0000,0x00000000d6000000)
  to   space 512K, 0% used [0x00000000d6000000,0x00000000d6000000,0x00000000d6080000)
 ParOldGen       total 873984K, used 873850K [0x0000000080000000, 0x00000000b5580000, 0x00000000d5580000)
  object space 873984K, 99% used [0x0000000080000000,0x00000000b555e8d8,0x00000000b5580000)
 Metaspace       used 72106K, committed 73728K, reserved 1179648K
  class space    used 7678K, committed 8384K, reserved 1048576K
GC Heap History (20 events):
Event: 86.962 GC heap before
{Heap before GC invocations=1388 (full 3):
 PSYoungGen      total 9216K, used 8992K [0x00000000d5580000, 0x00000000d5f80000, 0x0000000100000000)
  eden space 8704K, 100% used [0x00000000d5580000,0x00000000d5e00000,0x00000000d5e00000)
  from space 512K, 56% used [0x00000000d5f00000,0x00000000d5f48000,0x00000000d5f80000)
  to   space 512K, 0% used [0x00000000d5e80000,0x00000000d5e80000,0x00000000d5f00000)
 ParOldGen       total 870400K, used 870078K [0x0000000080000000, 0x00000000b5200000, 0x00000000d5580000)
  object space 870400K, 99% used [0x0000000080000000,0x00000000b51af8f0,0x00000000b5200000)
 Metaspace       used 72026K, committed 73664K, reserved 1179648K
  class space    used 7671K, committed 8384K, reserved 1048576K
}
Event: 86.974 GC heap after
{Heap after GC invocations=1388 (full 3):
 PSYoungGen      total 9216K, used 320K [0x00000000d5580000, 0x00000000d5f80000, 0x0000000100000000)
  eden space 8704K, 0% used [0x00000000d5580000,0x00000000d5580000,0x00000000d5e00000)
  from space 512K, 62% used [0x00000000d5e80000,0x00000000d5ed0000,0x00000000d5f00000)
  to   space 512K, 0% used [0x00000000d5f00000,0x00000000d5f00000,0x00000000d5f80000)
 ParOldGen       total 870400K, used 870238K [0x0000000080000000, 0x00000000b5200000, 0x00000000d5580000)
  object space 870400K, 99% used [0x0000000080000000,0x00000000b51d78f0,0x00000000b5200000)
 Metaspace       used 72026K, committed 73664K, reserved 1179648K
  class space    used 7671K, committed 8384K, reserved 1048576K
}
Event: 86.988 GC heap before
{Heap before GC invocations=1389 (full 3):
 PSYoungGen      total 9216K, used 9024K [0x00000000d5580000, 0x00000000d5f80000, 0x0000000100000000)
  eden space 8704K, 100% used [0x00000000d5580000,0x00000000d5e00000,0x00000000d5e00000)
  from space 512K, 62% used [0x00000000d5e80000,0x00000000d5ed0000,0x00000000d5f00000)
  to   space 512K, 0% used [0x00000000d5f00000,0x00000000d5f00000,0x00000000d5f80000)
 ParOldGen       total 870400K, used 870238K [0x0000000080000000, 0x00000000b5200000, 0x00000000d5580000)
  object space 870400K, 99% used [0x0000000080000000,0x00000000b51d78f0,0x00000000b5200000)
 Metaspace       used 72026K, committed 73664K, reserved 1179648K
  class space    used 7671K, committed 8384K, reserved 1048576K
}
Event: 86.993 GC heap after
{Heap after GC invocations=1389 (full 3):
 PSYoungGen      total 9728K, used 288K [0x00000000d5580000, 0x00000000d6100000, 0x0000000100000000)
  eden space 9216K, 0% used [0x00000000d5580000,0x00000000d5580000,0x00000000d5e80000)
  from space 512K, 56% used [0x00000000d5f00000,0x00000000d5f48000,0x00000000d5f80000)
  to   space 512K, 0% used [0x00000000d5e80000,0x00000000d5e80000,0x00000000d5f00000)
 ParOldGen       total 870912K, used 870438K [0x0000000080000000, 0x00000000b5280000, 0x00000000d5580000)
  object space 870912K, 99% used [0x0000000080000000,0x00000000b52098f0,0x00000000b5280000)
 Metaspace       used 72026K, committed 73664K, reserved 1179648K
  class space    used 7671K, committed 8384K, reserved 1048576K
}
Event: 87.062 GC heap before
{Heap before GC invocations=1390 (full 3):
 PSYoungGen      total 9728K, used 9504K [0x00000000d5580000, 0x00000000d6100000, 0x0000000100000000)
  eden space 9216K, 100% used [0x00000000d5580000,0x00000000d5e80000,0x00000000d5e80000)
  from space 512K, 56% used [0x00000000d5f00000,0x00000000d5f48000,0x00000000d5f80000)
  to   space 512K, 0% used [0x00000000d5e80000,0x00000000d5e80000,0x00000000d5f00000)
 ParOldGen       total 870912K, used 870438K [0x0000000080000000, 0x00000000b5280000, 0x00000000d5580000)
  object space 870912K, 99% used [0x0000000080000000,0x00000000b52098f0,0x00000000b5280000)
 Metaspace       used 72030K, committed 73664K, reserved 1179648K
  class space    used 7671K, committed 8384K, reserved 1048576K
}
Event: 87.067 GC heap after
{Heap after GC invocations=1390 (full 3):
 PSYoungGen      total 9728K, used 288K [0x00000000d5580000, 0x00000000d5f80000, 0x0000000100000000)
  eden space 9216K, 0% used [0x00000000d5580000,0x00000000d5580000,0x00000000d5e80000)
  from space 512K, 56% used [0x00000000d5e80000,0x00000000d5ec8000,0x00000000d5f00000)
  to   space 512K, 0% used [0x00000000d5f00000,0x00000000d5f00000,0x00000000d5f80000)
 ParOldGen       total 870912K, used 870598K [0x0000000080000000, 0x00000000b5280000, 0x00000000d5580000)
  object space 870912K, 99% used [0x0000000080000000,0x00000000b52318f0,0x00000000b5280000)
 Metaspace       used 72030K, committed 73664K, reserved 1179648K
  class space    used 7671K, committed 8384K, reserved 1048576K
}
Event: 87.101 GC heap before
{Heap before GC invocations=1391 (full 3):
 PSYoungGen      total 9728K, used 9504K [0x00000000d5580000, 0x00000000d5f80000, 0x0000000100000000)
  eden space 9216K, 100% used [0x00000000d5580000,0x00000000d5e80000,0x00000000d5e80000)
  from space 512K, 56% used [0x00000000d5e80000,0x00000000d5ec8000,0x00000000d5f00000)
  to   space 512K, 0% used [0x00000000d5f00000,0x00000000d5f00000,0x00000000d5f80000)
 ParOldGen       total 870912K, used 870598K [0x0000000080000000, 0x00000000b5280000, 0x00000000d5580000)
  object space 870912K, 99% used [0x0000000080000000,0x00000000b52318f0,0x00000000b5280000)
 Metaspace       used 72031K, committed 73664K, reserved 1179648K
  class space    used 7671K, committed 8384K, reserved 1048576K
}
Event: 87.107 GC heap after
{Heap after GC invocations=1391 (full 3):
 PSYoungGen      total 9728K, used 352K [0x00000000d5580000, 0x00000000d5f80000, 0x0000000100000000)
  eden space 9216K, 0% used [0x00000000d5580000,0x00000000d5580000,0x00000000d5e80000)
  from space 512K, 68% used [0x00000000d5f00000,0x00000000d5f58000,0x00000000d5f80000)
  to   space 512K, 0% used [0x00000000d5e80000,0x00000000d5e80000,0x00000000d5f00000)
 ParOldGen       total 870912K, used 870758K [0x0000000080000000, 0x00000000b5280000, 0x00000000d5580000)
  object space 870912K, 99% used [0x0000000080000000,0x00000000b52598f0,0x00000000b5280000)
 Metaspace       used 72031K, committed 73664K, reserved 1179648K
  class space    used 7671K, committed 8384K, reserved 1048576K
}
Event: 87.125 GC heap before
{Heap before GC invocations=1392 (full 3):
 PSYoungGen      total 9728K, used 9568K [0x00000000d5580000, 0x00000000d5f80000, 0x0000000100000000)
  eden space 9216K, 100% used [0x00000000d5580000,0x00000000d5e80000,0x00000000d5e80000)
  from space 512K, 68% used [0x00000000d5f00000,0x00000000d5f58000,0x00000000d5f80000)
  to   space 512K, 0% used [0x00000000d5e80000,0x00000000d5e80000,0x00000000d5f00000)
 ParOldGen       total 870912K, used 870758K [0x0000000080000000, 0x00000000b5280000, 0x00000000d5580000)
  object space 870912K, 99% used [0x0000000080000000,0x00000000b52598f0,0x00000000b5280000)
 Metaspace       used 72034K, committed 73664K, reserved 1179648K
  class space    used 7671K, committed 8384K, reserved 1048576K
}
Event: 87.130 GC heap after
{Heap after GC invocations=1392 (full 3):
 PSYoungGen      total 9728K, used 416K [0x00000000d5580000, 0x00000000d5f80000, 0x0000000100000000)
  eden space 9216K, 0% used [0x00000000d5580000,0x00000000d5580000,0x00000000d5e80000)
  from space 512K, 81% used [0x00000000d5e80000,0x00000000d5ee8000,0x00000000d5f00000)
  to   space 512K, 0% used [0x00000000d5f00000,0x00000000d5f00000,0x00000000d5f80000)
 ParOldGen       total 870912K, used 870894K [0x0000000080000000, 0x00000000b5280000, 0x00000000d5580000)
  object space 870912K, 99% used [0x0000000080000000,0x00000000b527b8f0,0x00000000b5280000)
 Metaspace       used 72034K, committed 73664K, reserved 1179648K
  class space    used 7671K, committed 8384K, reserved 1048576K
}
Event: 87.160 GC heap before
{Heap before GC invocations=1393 (full 3):
 PSYoungGen      total 9728K, used 9631K [0x00000000d5580000, 0x00000000d5f80000, 0x0000000100000000)
  eden space 9216K, 99% used [0x00000000d5580000,0x00000000d5e7ffe8,0x00000000d5e80000)
  from space 512K, 81% used [0x00000000d5e80000,0x00000000d5ee8000,0x00000000d5f00000)
  to   space 512K, 0% used [0x00000000d5f00000,0x00000000d5f00000,0x00000000d5f80000)
 ParOldGen       total 870912K, used 870894K [0x0000000080000000, 0x00000000b5280000, 0x00000000d5580000)
  object space 870912K, 99% used [0x0000000080000000,0x00000000b527b8f0,0x00000000b5280000)
 Metaspace       used 72034K, committed 73664K, reserved 1179648K
  class space    used 7671K, committed 8384K, reserved 1048576K
}
Event: 87.165 GC heap after
{Heap after GC invocations=1393 (full 3):
 PSYoungGen      total 9728K, used 320K [0x00000000d5580000, 0x00000000d5f80000, 0x0000000100000000)
  eden space 9216K, 0% used [0x00000000d5580000,0x00000000d5580000,0x00000000d5e80000)
  from space 512K, 62% used [0x00000000d5f00000,0x00000000d5f50020,0x00000000d5f80000)
  to   space 512K, 0% used [0x00000000d5e80000,0x00000000d5e80000,0x00000000d5f00000)
 ParOldGen       total 871424K, used 871134K [0x0000000080000000, 0x00000000b5300000, 0x00000000d5580000)
  object space 871424K, 99% used [0x0000000080000000,0x00000000b52b78f0,0x00000000b5300000)
 Metaspace       used 72034K, committed 73664K, reserved 1179648K
  class space    used 7671K, committed 8384K, reserved 1048576K
}
Event: 87.230 GC heap before
{Heap before GC invocations=1394 (full 3):
 PSYoungGen      total 9728K, used 9536K [0x00000000d5580000, 0x00000000d5f80000, 0x0000000100000000)
  eden space 9216K, 100% used [0x00000000d5580000,0x00000000d5e80000,0x00000000d5e80000)
  from space 512K, 62% used [0x00000000d5f00000,0x00000000d5f50020,0x00000000d5f80000)
  to   space 512K, 0% used [0x00000000d5e80000,0x00000000d5e80000,0x00000000d5f00000)
 ParOldGen       total 871424K, used 871136K [0x0000000080000000, 0x00000000b5300000, 0x00000000d5580000)
  object space 871424K, 99% used [0x0000000080000000,0x00000000b52b80d8,0x00000000b5300000)
 Metaspace       used 72035K, committed 73664K, reserved 1179648K
  class space    used 7671K, committed 8384K, reserved 1048576K
}
Event: 87.236 GC heap after
{Heap after GC invocations=1394 (full 3):
 PSYoungGen      total 9728K, used 320K [0x00000000d5580000, 0x00000000d5f80000, 0x0000000100000000)
  eden space 9216K, 0% used [0x00000000d5580000,0x00000000d5580000,0x00000000d5e80000)
  from space 512K, 62% used [0x00000000d5e80000,0x00000000d5ed0000,0x00000000d5f00000)
  to   space 512K, 0% used [0x00000000d5f00000,0x00000000d5f00000,0x00000000d5f80000)
 ParOldGen       total 871424K, used 871368K [0x0000000080000000, 0x00000000b5300000, 0x00000000d5580000)
  object space 871424K, 99% used [0x0000000080000000,0x00000000b52f20f8,0x00000000b5300000)
 Metaspace       used 72035K, committed 73664K, reserved 1179648K
  class space    used 7671K, committed 8384K, reserved 1048576K
}
Event: 87.263 GC heap before
{Heap before GC invocations=1395 (full 3):
 PSYoungGen      total 9728K, used 9536K [0x00000000d5580000, 0x00000000d5f80000, 0x0000000100000000)
  eden space 9216K, 100% used [0x00000000d5580000,0x00000000d5e80000,0x00000000d5e80000)
  from space 512K, 62% used [0x00000000d5e80000,0x00000000d5ed0000,0x00000000d5f00000)
  to   space 512K, 0% used [0x00000000d5f00000,0x00000000d5f00000,0x00000000d5f80000)
 ParOldGen       total 871424K, used 871368K [0x0000000080000000, 0x00000000b5300000, 0x00000000d5580000)
  object space 871424K, 99% used [0x0000000080000000,0x00000000b52f20f8,0x00000000b5300000)
 Metaspace       used 72035K, committed 73664K, reserved 1179648K
  class space    used 7671K, committed 8384K, reserved 1048576K
}
Event: 87.270 GC heap after
{Heap after GC invocations=1395 (full 3):
 PSYoungGen      total 9728K, used 320K [0x00000000d5580000, 0x00000000d5f80000, 0x0000000100000000)
  eden space 9216K, 0% used [0x00000000d5580000,0x00000000d5580000,0x00000000d5e80000)
  from space 512K, 62% used [0x00000000d5f00000,0x00000000d5f50000,0x00000000d5f80000)
  to   space 512K, 0% used [0x00000000d5e80000,0x00000000d5e80000,0x00000000d5f00000)
 ParOldGen       total 871936K, used 871508K [0x0000000080000000, 0x00000000b5380000, 0x00000000d5580000)
  object space 871936K, 99% used [0x0000000080000000,0x00000000b5315108,0x00000000b5380000)
 Metaspace       used 72035K, committed 73664K, reserved 1179648K
  class space    used 7671K, committed 8384K, reserved 1048576K
}
Event: 87.313 GC heap before
{Heap before GC invocations=1396 (full 3):
 PSYoungGen      total 9728K, used 9536K [0x00000000d5580000, 0x00000000d5f80000, 0x0000000100000000)
  eden space 9216K, 100% used [0x00000000d5580000,0x00000000d5e80000,0x00000000d5e80000)
  from space 512K, 62% used [0x00000000d5f00000,0x00000000d5f50000,0x00000000d5f80000)
  to   space 512K, 0% used [0x00000000d5e80000,0x00000000d5e80000,0x00000000d5f00000)
 ParOldGen       total 871936K, used 871508K [0x0000000080000000, 0x00000000b5380000, 0x00000000d5580000)
  object space 871936K, 99% used [0x0000000080000000,0x00000000b5315108,0x00000000b5380000)
 Metaspace       used 72035K, committed 73664K, reserved 1179648K
  class space    used 7671K, committed 8384K, reserved 1048576K
}
Event: 87.316 GC heap after
{Heap after GC invocations=1396 (full 3):
 PSYoungGen      total 9728K, used 352K [0x00000000d5580000, 0x00000000d5f80000, 0x0000000100000000)
  eden space 9216K, 0% used [0x00000000d5580000,0x00000000d5580000,0x00000000d5e80000)
  from space 512K, 68% used [0x00000000d5e80000,0x00000000d5ed8000,0x00000000d5f00000)
  to   space 512K, 0% used [0x00000000d5f00000,0x00000000d5f00000,0x00000000d5f80000)
 ParOldGen       total 871936K, used 871667K [0x0000000080000000, 0x00000000b5380000, 0x00000000d5580000)
  object space 871936K, 99% used [0x0000000080000000,0x00000000b533ce08,0x00000000b5380000)
 Metaspace       used 72035K, committed 73664K, reserved 1179648K
  class space    used 7671K, committed 8384K, reserved 1048576K
}
Event: 87.358 GC heap before
{Heap before GC invocations=1397 (full 3):
 PSYoungGen      total 9728K, used 9568K [0x00000000d5580000, 0x00000000d5f80000, 0x0000000100000000)
  eden space 9216K, 100% used [0x00000000d5580000,0x00000000d5e80000,0x00000000d5e80000)
  from space 512K, 68% used [0x00000000d5e80000,0x00000000d5ed8000,0x00000000d5f00000)
  to   space 512K, 0% used [0x00000000d5f00000,0x00000000d5f00000,0x00000000d5f80000)
 ParOldGen       total 871936K, used 871667K [0x0000000080000000, 0x00000000b5380000, 0x00000000d5580000)
  object space 871936K, 99% used [0x0000000080000000,0x00000000b533ce08,0x00000000b5380000)
 Metaspace       used 72035K, committed 73664K, reserved 1179648K
  class space    used 7671K, committed 8384K, reserved 1048576K
}
Event: 87.361 GC heap after
{Heap after GC invocations=1397 (full 3):
 PSYoungGen      total 9216K, used 507K [0x00000000d5580000, 0x00000000d6080000, 0x0000000100000000)
  eden space 8704K, 0% used [0x00000000d5580000,0x00000000d5580000,0x00000000d5e00000)
  from space 512K, 99% used [0x00000000d5f00000,0x00000000d5f7efc0,0x00000000d5f80000)
  to   space 1024K, 0% used [0x00000000d5e00000,0x00000000d5e00000,0x00000000d5f00000)
 ParOldGen       total 871936K, used 871873K [0x0000000080000000, 0x00000000b5380000, 0x00000000d5580000)
  object space 871936K, 99% used [0x0000000080000000,0x00000000b53706b8,0x00000000b5380000)
 Metaspace       used 72035K, committed 73664K, reserved 1179648K
  class space    used 7671K, committed 8384K, reserved 1048576K
}

