# JRE version: OpenJDK Runtime Environment Temurin-21.0.8+9 (21.0.8+9) (build 21.0.8+9-LTS)
# Java VM: OpenJDK 64-Bit Server VM Temurin-21.0.8+9 (21.0.8+9-LTS, mixed mode, sharing, tiered, compressed oops, compressed class ptrs, parallel gc, windows-amd64)
GC Precious Log:
 CardTable entry size: 512
 CPUs: 8 total, 8 available
 Memory: 3885M
 Large Page Support: Disabled
 NUMA Support: Disabled
 Compressed Oops: Enabled (32-bit)
 Alignments: Space 512K, Generation 512K, Heap 2M
 Heap Min Capacity: 100M
 Heap Initial Capacity: 100M
 Heap Max Capacity: 2G
 Pre-touch: Disabled
 Parallel Workers: 8
Heap:
 PSYoungGen      total 11776K, used 4546K [0x00000000d5580000, 0x00000000d7200000, 0x0000000100000000)
  eden space 10752K, 33% used [0x00000000d5580000,0x00000000d590a148,0x00000000d6000000)
  from space 1024K, 90% used [0x00000000d7100000,0x00000000d71e6900,0x00000000d7200000)
  to   space 1536K, 0% used [0x00000000d6f00000,0x00000000d6f00000,0x00000000d7080000)
 ParOldGen       total 1347072K, used 1346953K [0x0000000080000000, 0x00000000d2380000, 0x00000000d5580000)
  object space 1347072K, 99% used [0x0000000080000000,0x00000000d2362468,0x00000000d2380000)
 Metaspace       used 104965K, committed 106688K, reserved 1179648K
  class space    used 10423K, committed 11264K, reserved 1048576K
GC Heap History (20 events):
Event: 9421.814 GC heap before
{Heap before GC invocations=13523 (full 13):
 PSYoungGen      total 11264K, used 11238K [0x00000000d5580000, 0x00000000d7180000, 0x0000000100000000)
  eden space 10752K, 100% used [0x00000000d5580000,0x00000000d6000000,0x00000000d6000000)
  from space 512K, 94% used [0x00000000d6880000,0x00000000d68f9900,0x00000000d6900000)
  to   space 8704K, 0% used [0x00000000d6000000,0x00000000d6000000,0x00000000d6880000)
 ParOldGen       total 1284608K, used 1284148K [0x0000000080000000, 0x00000000ce680000, 0x00000000d5580000)
  object space 1284608K, 99% used [0x0000000080000000,0x00000000ce60d1e0,0x00000000ce680000)
 Metaspace       used 104955K, committed 106688K, reserved 1179648K
  class space    used 10423K, committed 11264K, reserved 1048576K
}
Event: 9421.823 GC heap after
{Heap after GC invocations=13523 (full 13):
 PSYoungGen      total 12800K, used 1881K [0x00000000d5580000, 0x00000000d6900000, 0x0000000100000000)
  eden space 10752K, 0% used [0x00000000d5580000,0x00000000d5580000,0x00000000d6000000)
  from space 2048K, 91% used [0x00000000d6000000,0x00000000d61d6410,0x00000000d6200000)
  to   space 4096K, 0% used [0x00000000d6500000,0x00000000d6500000,0x00000000d6900000)
 ParOldGen       total 1285120K, used 1284666K [0x0000000080000000, 0x00000000ce700000, 0x00000000d5580000)
  object space 1285120K, 99% used [0x0000000080000000,0x00000000ce68eae0,0x00000000ce700000)
 Metaspace       used 104955K, committed 106688K, reserved 1179648K
  class space    used 10423K, committed 11264K, reserved 1048576K
}
Event: 9422.916 GC heap before
{Heap before GC invocations=13524 (full 13):
 PSYoungGen      total 12800K, used 12633K [0x00000000d5580000, 0x00000000d6900000, 0x0000000100000000)
  eden space 10752K, 100% used [0x00000000d5580000,0x00000000d6000000,0x00000000d6000000)
  from space 2048K, 91% used [0x00000000d6000000,0x00000000d61d6410,0x00000000d6200000)
  to   space 4096K, 0% used [0x00000000d6500000,0x00000000d6500000,0x00000000d6900000)
 ParOldGen       total 1285120K, used 1284666K [0x0000000080000000, 0x00000000ce700000, 0x00000000d5580000)
  object space 1285120K, 99% used [0x0000000080000000,0x00000000ce68eae0,0x00000000ce700000)
 Metaspace       used 104955K, committed 106688K, reserved 1179648K
  class space    used 10423K, committed 11264K, reserved 1048576K
}
Event: 9422.923 GC heap after
{Heap after GC invocations=13524 (full 13):
 PSYoungGen      total 12288K, used 1374K [0x00000000d5580000, 0x00000000d6680000, 0x0000000100000000)
  eden space 10752K, 0% used [0x00000000d5580000,0x00000000d5580000,0x00000000d6000000)
  from space 1536K, 89% used [0x00000000d6500000,0x00000000d6657b10,0x00000000d6680000)
  to   space 2048K, 0% used [0x00000000d6280000,0x00000000d6280000,0x00000000d6480000)
 ParOldGen       total 1286144K, used 1286039K [0x0000000080000000, 0x00000000ce800000, 0x00000000d5580000)
  object space 1286144K, 99% used [0x0000000080000000,0x00000000ce7e5ce0,0x00000000ce800000)
 Metaspace       used 104955K, committed 106688K, reserved 1179648K
  class space    used 10423K, committed 11264K, reserved 1048576K
}
Event: 9423.520 GC heap before
{Heap before GC invocations=13525 (full 13):
 PSYoungGen      total 12288K, used 12126K [0x00000000d5580000, 0x00000000d6680000, 0x0000000100000000)
  eden space 10752K, 100% used [0x00000000d5580000,0x00000000d6000000,0x00000000d6000000)
  from space 1536K, 89% used [0x00000000d6500000,0x00000000d6657b10,0x00000000d6680000)
  to   space 2048K, 0% used [0x00000000d6280000,0x00000000d6280000,0x00000000d6480000)
 ParOldGen       total 1286144K, used 1286039K [0x0000000080000000, 0x00000000ce800000, 0x00000000d5580000)
  object space 1286144K, 99% used [0x0000000080000000,0x00000000ce7e5ce0,0x00000000ce800000)
 Metaspace       used 104955K, committed 106688K, reserved 1179648K
  class space    used 10423K, committed 11264K, reserved 1048576K
}
Event: 9423.527 GC heap after
{Heap after GC invocations=13525 (full 13):
 PSYoungGen      total 12800K, used 256K [0x00000000d5580000, 0x00000000d6580000, 0x0000000100000000)
  eden space 10752K, 0% used [0x00000000d5580000,0x00000000d5580000,0x00000000d6000000)
  from space 2048K, 12% used [0x00000000d6280000,0x00000000d62c0000,0x00000000d6480000)
  to   space 1024K, 0% used [0x00000000d6480000,0x00000000d6480000,0x00000000d6580000)
 ParOldGen       total 1287168K, used 1286775K [0x0000000080000000, 0x00000000ce900000, 0x00000000d5580000)
  object space 1287168K, 99% used [0x0000000080000000,0x00000000ce89df00,0x00000000ce900000)
 Metaspace       used 104955K, committed 106688K, reserved 1179648K
  class space    used 10423K, committed 11264K, reserved 1048576K
}
Event: 9436.451 GC heap before
{Heap before GC invocations=13526 (full 13):
 PSYoungGen      total 12800K, used 10703K [0x00000000d5580000, 0x00000000d6580000, 0x0000000100000000)
  eden space 10752K, 97% used [0x00000000d5580000,0x00000000d5fb3e40,0x00000000d6000000)
  from space 2048K, 12% used [0x00000000d6280000,0x00000000d62c0000,0x00000000d6480000)
  to   space 1024K, 0% used [0x00000000d6480000,0x00000000d6480000,0x00000000d6580000)
 ParOldGen       total 1287168K, used 1286775K [0x0000000080000000, 0x00000000ce900000, 0x00000000d5580000)
  object space 1287168K, 99% used [0x0000000080000000,0x00000000ce89df00,0x00000000ce900000)
 Metaspace       used 104956K, committed 106688K, reserved 1179648K
  class space    used 10423K, committed 11264K, reserved 1048576K
}
Event: 9436.459 GC heap after
{Heap after GC invocations=13526 (full 13):
 PSYoungGen      total 11776K, used 764K [0x00000000d5580000, 0x00000000d6580000, 0x0000000100000000)
  eden space 10752K, 0% used [0x00000000d5580000,0x00000000d5580000,0x00000000d6000000)
  from space 1024K, 74% used [0x00000000d6480000,0x00000000d653f1f8,0x00000000d6580000)
  to   space 1024K, 0% used [0x00000000d6380000,0x00000000d6380000,0x00000000d6480000)
 ParOldGen       total 1287168K, used 1286823K [0x0000000080000000, 0x00000000ce900000, 0x00000000d5580000)
  object space 1287168K, 99% used [0x0000000080000000,0x00000000ce8a9f00,0x00000000ce900000)
 Metaspace       used 104956K, committed 106688K, reserved 1179648K
  class space    used 10423K, committed 11264K, reserved 1048576K
}
Event: 9436.484 GC heap before
{Heap before GC invocations=13527 (full 13):
 PSYoungGen      total 11776K, used 11516K [0x00000000d5580000, 0x00000000d6580000, 0x0000000100000000)
  eden space 10752K, 100% used [0x00000000d5580000,0x00000000d6000000,0x00000000d6000000)
  from space 1024K, 74% used [0x00000000d6480000,0x00000000d653f1f8,0x00000000d6580000)
  to   space 1024K, 0% used [0x00000000d6380000,0x00000000d6380000,0x00000000d6480000)
 ParOldGen       total 1287168K, used 1286823K [0x0000000080000000, 0x00000000ce900000, 0x00000000d5580000)
  object space 1287168K, 99% used [0x0000000080000000,0x00000000ce8a9f00,0x00000000ce900000)
 Metaspace       used 104956K, committed 106688K, reserved 1179648K
  class space    used 10423K, committed 11264K, reserved 1048576K
}
Event: 9436.499 GC heap after
{Heap after GC invocations=13527 (full 13):
 PSYoungGen      total 11776K, used 1020K [0x00000000d5580000, 0x00000000d7900000, 0x0000000100000000)
  eden space 10752K, 0% used [0x00000000d5580000,0x00000000d5580000,0x00000000d6000000)
  from space 1024K, 99% used [0x00000000d6380000,0x00000000d647f1f8,0x00000000d6480000)
  to   space 12800K, 0% used [0x00000000d6c80000,0x00000000d6c80000,0x00000000d7900000)
 ParOldGen       total 1296896K, used 1296604K [0x0000000080000000, 0x00000000cf280000, 0x00000000d5580000)
  object space 1296896K, 99% used [0x0000000080000000,0x00000000cf237108,0x00000000cf280000)
 Metaspace       used 104956K, committed 106688K, reserved 1179648K
  class space    used 10423K, committed 11264K, reserved 1048576K
}
Event: 9436.606 GC heap before
{Heap before GC invocations=13528 (full 13):
 PSYoungGen      total 11776K, used 11687K [0x00000000d5580000, 0x00000000d7900000, 0x0000000100000000)
  eden space 10752K, 99% used [0x00000000d5580000,0x00000000d5feabf0,0x00000000d6000000)
  from space 1024K, 99% used [0x00000000d6380000,0x00000000d647f1f8,0x00000000d6480000)
  to   space 12800K, 0% used [0x00000000d6c80000,0x00000000d6c80000,0x00000000d7900000)
 ParOldGen       total 1296896K, used 1296604K [0x0000000080000000, 0x00000000cf280000, 0x00000000d5580000)
  object space 1296896K, 99% used [0x0000000080000000,0x00000000cf237108,0x00000000cf280000)
 Metaspace       used 104960K, committed 106688K, reserved 1179648K
  class space    used 10423K, committed 11264K, reserved 1048576K
}
Event: 9436.619 GC heap after
{Heap after GC invocations=13528 (full 13):
 PSYoungGen      total 18944K, used 7847K [0x00000000d5580000, 0x00000000d7480000, 0x0000000100000000)
  eden space 10752K, 0% used [0x00000000d5580000,0x00000000d5580000,0x00000000d6000000)
  from space 8192K, 95% used [0x00000000d6c80000,0x00000000d7429d68,0x00000000d7480000)
  to   space 9216K, 0% used [0x00000000d6280000,0x00000000d6280000,0x00000000d6b80000)
 ParOldGen       total 1298432K, used 1297672K [0x0000000080000000, 0x00000000cf400000, 0x00000000d5580000)
  object space 1298432K, 99% used [0x0000000080000000,0x00000000cf342300,0x00000000cf400000)
 Metaspace       used 104960K, committed 106688K, reserved 1179648K
  class space    used 10423K, committed 11264K, reserved 1048576K
}
Event: 9436.699 GC heap before
{Heap before GC invocations=13529 (full 13):
 PSYoungGen      total 18944K, used 18599K [0x00000000d5580000, 0x00000000d7480000, 0x0000000100000000)
  eden space 10752K, 100% used [0x00000000d5580000,0x00000000d6000000,0x00000000d6000000)
  from space 8192K, 95% used [0x00000000d6c80000,0x00000000d7429d68,0x00000000d7480000)
  to   space 9216K, 0% used [0x00000000d6280000,0x00000000d6280000,0x00000000d6b80000)
 ParOldGen       total 1298432K, used 1297672K [0x0000000080000000, 0x00000000cf400000, 0x00000000d5580000)
  object space 1298432K, 99% used [0x0000000080000000,0x00000000cf342300,0x00000000cf400000)
 Metaspace       used 104960K, committed 106688K, reserved 1179648K
  class space    used 10423K, committed 11264K, reserved 1048576K
}
Event: 9436.720 GC heap after
{Heap after GC invocations=13529 (full 13):
 PSYoungGen      total 19968K, used 9211K [0x00000000d5580000, 0x00000000d8600000, 0x0000000100000000)
  eden space 10752K, 0% used [0x00000000d5580000,0x00000000d5580000,0x00000000d6000000)
  from space 9216K, 99% used [0x00000000d6280000,0x00000000d6b7ee50,0x00000000d6b80000)
  to   space 19456K, 0% used [0x00000000d7300000,0x00000000d7300000,0x00000000d8600000)
 ParOldGen       total 1306112K, used 1305916K [0x0000000080000000, 0x00000000cfb80000, 0x00000000d5580000)
  object space 1306112K, 99% used [0x0000000080000000,0x00000000cfb4f218,0x00000000cfb80000)
 Metaspace       used 104960K, committed 106688K, reserved 1179648K
  class space    used 10423K, committed 11264K, reserved 1048576K
}
Event: 9438.172 GC heap before
{Heap before GC invocations=13530 (full 13):
 PSYoungGen      total 19968K, used 19963K [0x00000000d5580000, 0x00000000d8600000, 0x0000000100000000)
  eden space 10752K, 100% used [0x00000000d5580000,0x00000000d6000000,0x00000000d6000000)
  from space 9216K, 99% used [0x00000000d6280000,0x00000000d6b7ee50,0x00000000d6b80000)
  to   space 19456K, 0% used [0x00000000d7300000,0x00000000d7300000,0x00000000d8600000)
 ParOldGen       total 1337856K, used 1336636K [0x0000000080000000, 0x00000000d1a80000, 0x00000000d5580000)
  object space 1337856K, 99% used [0x0000000080000000,0x00000000d194f248,0x00000000d1a80000)
 Metaspace       used 104964K, committed 106688K, reserved 1179648K
  class space    used 10423K, committed 11264K, reserved 1048576K
}
Event: 9438.208 GC heap after
{Heap after GC invocations=13530 (full 13):
 PSYoungGen      total 14336K, used 3156K [0x00000000d5580000, 0x00000000d7680000, 0x0000000100000000)
  eden space 10752K, 0% used [0x00000000d5580000,0x00000000d5580000,0x00000000d6000000)
  from space 3584K, 88% used [0x00000000d7300000,0x00000000d7615200,0x00000000d7680000)
  to   space 8704K, 0% used [0x00000000d6580000,0x00000000d6580000,0x00000000d6e00000)
 ParOldGen       total 1344512K, used 1344201K [0x0000000080000000, 0x00000000d2100000, 0x00000000d5580000)
  object space 1344512K, 99% used [0x0000000080000000,0x00000000d20b2468,0x00000000d2100000)
 Metaspace       used 104964K, committed 106688K, reserved 1179648K
  class space    used 10423K, committed 11264K, reserved 1048576K
}
Event: 9438.416 GC heap before
{Heap before GC invocations=13531 (full 13):
 PSYoungGen      total 14336K, used 13908K [0x00000000d5580000, 0x00000000d7680000, 0x0000000100000000)
  eden space 10752K, 100% used [0x00000000d5580000,0x00000000d6000000,0x00000000d6000000)
  from space 3584K, 88% used [0x00000000d7300000,0x00000000d7615200,0x00000000d7680000)
  to   space 8704K, 0% used [0x00000000d6580000,0x00000000d6580000,0x00000000d6e00000)
 ParOldGen       total 1344512K, used 1344201K [0x0000000080000000, 0x00000000d2100000, 0x00000000d5580000)
  object space 1344512K, 99% used [0x0000000080000000,0x00000000d20b2468,0x00000000d2100000)
 Metaspace       used 104964K, committed 106688K, reserved 1179648K
  class space    used 10423K, committed 11264K, reserved 1048576K
}
Event: 9438.433 GC heap after
{Heap after GC invocations=13531 (full 13):
 PSYoungGen      total 19456K, used 474K [0x00000000d5580000, 0x00000000d7380000, 0x0000000100000000)
  eden space 10752K, 0% used [0x00000000d5580000,0x00000000d5580000,0x00000000d6000000)
  from space 8704K, 5% used [0x00000000d6580000,0x00000000d65f6900,0x00000000d6e00000)
  to   space 2560K, 0% used [0x00000000d7100000,0x00000000d7100000,0x00000000d7380000)
 ParOldGen       total 1347072K, used 1346921K [0x0000000080000000, 0x00000000d2380000, 0x00000000d5580000)
  object space 1347072K, 99% used [0x0000000080000000,0x00000000d235a468,0x00000000d2380000)
 Metaspace       used 104964K, committed 106688K, reserved 1179648K
  class space    used 10423K, committed 11264K, reserved 1048576K
}
Event: 9438.949 GC heap before
{Heap before GC invocations=13532 (full 13):
 PSYoungGen      total 19456K, used 11226K [0x00000000d5580000, 0x00000000d7380000, 0x0000000100000000)
  eden space 10752K, 100% used [0x00000000d5580000,0x00000000d6000000,0x00000000d6000000)
  from space 8704K, 5% used [0x00000000d6580000,0x00000000d65f6900,0x00000000d6e00000)
  to   space 2560K, 0% used [0x00000000d7100000,0x00000000d7100000,0x00000000d7380000)
 ParOldGen       total 1347072K, used 1346921K [0x0000000080000000, 0x00000000d2380000, 0x00000000d5580000)
  object space 1347072K, 99% used [0x0000000080000000,0x00000000d235a468,0x00000000d2380000)
 Metaspace       used 104964K, committed 106688K, reserved 1179648K
  class space    used 10423K, committed 11264K, reserved 1048576K
}
Event: 9438.955 GC heap after
{Heap after GC invocations=13532 (full 13):
 PSYoungGen      total 11776K, used 922K [0x00000000d5580000, 0x00000000d7200000, 0x0000000100000000)
  eden space 10752K, 0% used [0x00000000d5580000,0x00000000d5580000,0x00000000d6000000)
  from space 1024K, 90% used [0x00000000d7100000,0x00000000d71e6900,0x00000000d7200000)
  to   space 1536K, 0% used [0x00000000d6f00000,0x00000000d6f00000,0x00000000d7080000)
 ParOldGen       total 1347072K, used 1346953K [0x0000000080000000, 0x00000000d2380000, 0x00000000d5580000)
  object space 1347072K, 99% used [0x0000000080000000,0x00000000d2362468,0x00000000d2380000)
 Metaspace       used 104964K, committed 106688K, reserved 1179648K
  class space    used 10423K, committed 11264K, reserved 1048576K
}

